<?xml version="1.0" encoding="UTF-8"?>
<!-- Generated by org.testng.reporters.JUnitReportReporter -->
<testsuite skipped="0" hostname="in-suhailma-1" name="com.qa.tests.git" tests="1" failures="0" timestamp="28 Mar 2018 11:13:47 GMT" time="0.008" errors="0">
  <testcase name="Demo1" time="0.008" classname="com.qa.tests.git"/>
</testsuite> <!-- com.qa.tests.git -->
